  ActivationFunction.cpp
  FullyConnectedLayer.cpp
c:\users\howard halim\documents\programs\projects\game-playing-neural-net\source files\fullyconnectedlayer.cpp(19): warning C4244: 'argument': conversion from '__int64' to 'unsigned int', possible loss of data
  c:\users\howard halim\documents\programs\projects\game-playing-neural-net\source files\fullyconnectedlayer.cpp(14): note: while compiling class template member function 'FullyConnectedLayer<SigmoidActivationFunction>::FullyConnectedLayer(int,int)'
  c:\users\howard halim\documents\programs\projects\game-playing-neural-net\source files\fullyconnectedlayer.cpp(134): note: see reference to function template instantiation 'FullyConnectedLayer<SigmoidActivationFunction>::FullyConnectedLayer(int,int)' being compiled
  c:\users\howard halim\documents\programs\projects\game-playing-neural-net\source files\fullyconnectedlayer.cpp(134): note: see reference to class template instantiation 'FullyConnectedLayer<SigmoidActivationFunction>' being compiled
  Layer.cpp
  Main.cpp
c:\users\howard halim\documents\programs\projects\game-playing-neural-net\source files\main.cpp(28): warning C4244: 'argument': conversion from 'double' to 'Eigen::Index', possible loss of data
c:\users\howard halim\documents\programs\projects\game-playing-neural-net\source files\main.cpp(31): warning C4244: 'argument': conversion from 'double' to 'Eigen::Index', possible loss of data
c:\users\howard halim\documents\programs\projects\game-playing-neural-net\source files\main.cpp(40): warning C4244: 'argument': conversion from 'time_t' to 'unsigned int', possible loss of data
  Neural Net.cpp
c:\users\howard halim\documents\programs\projects\game-playing-neural-net\source files\neural net.cpp(44): warning C4018: '<': signed/unsigned mismatch
c:\users\howard halim\documents\programs\projects\game-playing-neural-net\source files\neural net.cpp(69): warning C4018: '<': signed/unsigned mismatch
c:\users\howard halim\documents\programs\projects\game-playing-neural-net\source files\neural net.cpp(157): warning C4244: 'initializing': conversion from 'double' to 'int', possible loss of data
c:\users\howard halim\documents\programs\projects\game-playing-neural-net\source files\neural net.cpp(273): warning C4018: '<': signed/unsigned mismatch
  Node.cpp
  Generating code
  120 of 2194 functions ( 5.5%) were compiled, the rest were copied from previous compilation.
    0 functions were new in current compilation
    3 functions had inline decision re-evaluated but remain unchanged
  Finished generating code
  Game-Playing-Neural-Net.vcxproj -> C:\Users\Howard Halim\Documents\Programs\Projects\Game-Playing-Neural-Net\Release\Game-Playing-Neural-Net.exe
